[debug] [2021-11-26T19:26:02.230Z] ----------------------------------------------------------------------
[debug] [2021-11-26T19:26:02.232Z] Command:       /home/gustavo/.nvm/versions/node/v14.17.6/bin/node /usr/bin/firebase deploy --only hosting
[debug] [2021-11-26T19:26:02.232Z] CLI Version:   9.16.5
[debug] [2021-11-26T19:26:02.233Z] Platform:      linux
[debug] [2021-11-26T19:26:02.233Z] Node Version:  v14.17.6
[debug] [2021-11-26T19:26:02.236Z] Time:          Fri Nov 26 2021 16:26:02 GMT-0300 (Horário Padrão de Brasília)
[debug] [2021-11-26T19:26:02.236Z] ----------------------------------------------------------------------
[debug] 
[debug] [2021-11-26T19:26:02.238Z] >>> [apiv2][query] GET https://firebase-public.firebaseio.com/cli.json [none]
[debug] [2021-11-26T19:26:02.297Z] > command requires scopes: ["email","openid","https://www.googleapis.com/auth/cloudplatformprojects.readonly","https://www.googleapis.com/auth/firebase","https://www.googleapis.com/auth/cloud-platform"]
[debug] [2021-11-26T19:26:02.298Z] > authorizing via signed-in user (tech.mercadou@gmail.com)
[debug] [2021-11-26T19:26:02.298Z] [iam] checking project finxi-challange for permissions ["firebase.projects.get","firebasehosting.sites.update"]
[debug] [2021-11-26T19:26:02.299Z] > refreshing access token with scopes: ["email","https://www.googleapis.com/auth/cloud-platform","https://www.googleapis.com/auth/cloudplatformprojects.readonly","https://www.googleapis.com/auth/firebase","openid"]
[debug] [2021-11-26T19:26:02.299Z] >>> HTTP REQUEST POST https://www.googleapis.com/oauth2/v3/token  
 <request body omitted>
[debug] [2021-11-26T19:26:02.507Z] <<< HTTP RESPONSE 200 {"expires":"Mon, 01 Jan 1990 00:00:00 GMT","cache-control":"no-cache, no-store, max-age=0, must-revalidate","date":"Fri, 26 Nov 2021 19:26:02 GMT","pragma":"no-cache","content-type":"application/json; charset=utf-8","vary":"X-Origin, Referer, Origin,Accept-Encoding","server":"scaffolding on HTTPServer2","x-xss-protection":"0","x-frame-options":"SAMEORIGIN","x-content-type-options":"nosniff","alt-svc":"h3=\":443\"; ma=2592000,h3-29=\":443\"; ma=2592000,h3-Q050=\":443\"; ma=2592000,h3-Q046=\":443\"; ma=2592000,h3-Q043=\":443\"; ma=2592000,quic=\":443\"; ma=2592000; v=\"46,43\"","accept-ranges":"none","transfer-encoding":"chunked"}
[debug] [2021-11-26T19:26:02.518Z] >>> HTTP REQUEST POST https://cloudresourcemanager.googleapis.com/v1/projects/finxi-challange:testIamPermissions  
 {"permissions":["firebase.projects.get","firebasehosting.sites.update"]}
[debug] [2021-11-26T19:26:02.843Z] <<< [apiv2][status] GET https://firebase-public.firebaseio.com/cli.json 200
[debug] [2021-11-26T19:26:02.844Z] <<< [apiv2][body] GET https://firebase-public.firebaseio.com/cli.json {"cloudBuildErrorAfter":1594252800000,"cloudBuildWarnAfter":1590019200000,"defaultNode10After":1594252800000,"minVersion":"3.0.5","node8DeploysDisabledAfter":1613390400000,"node8RuntimeDisabledAfter":1615809600000,"node8WarnAfter":1600128000000}
[debug] [2021-11-26T19:26:03.511Z] <<< HTTP RESPONSE 200 {"content-type":"application/json; charset=UTF-8","vary":"X-Origin, Referer, Origin,Accept-Encoding","date":"Fri, 26 Nov 2021 19:26:03 GMT","server":"ESF","cache-control":"private","x-xss-protection":"0","x-frame-options":"SAMEORIGIN","x-content-type-options":"nosniff","server-timing":"gfet4t7; dur=847","alt-svc":"h3=\":443\"; ma=2592000,h3-29=\":443\"; ma=2592000,h3-Q050=\":443\"; ma=2592000,h3-Q046=\":443\"; ma=2592000,h3-Q043=\":443\"; ma=2592000,quic=\":443\"; ma=2592000; v=\"46,43\"","accept-ranges":"none","transfer-encoding":"chunked"}
[debug] [2021-11-26T19:26:03.512Z] [iam] error while checking permissions, command may fail: FirebaseError: Authorization failed. This account is missing the following required permissions on project finxi-challange:

  firebase.projects.get
  firebasehosting.sites.update
[debug] [2021-11-26T19:26:03.514Z] > refreshing access token with scopes: []
[debug] [2021-11-26T19:26:03.515Z] >>> HTTP REQUEST POST https://www.googleapis.com/oauth2/v3/token  
 <request body omitted>
[debug] [2021-11-26T19:26:03.711Z] <<< HTTP RESPONSE 200 {"pragma":"no-cache","cache-control":"no-cache, no-store, max-age=0, must-revalidate","expires":"Mon, 01 Jan 1990 00:00:00 GMT","date":"Fri, 26 Nov 2021 19:26:03 GMT","content-type":"application/json; charset=utf-8","vary":"X-Origin, Referer, Origin,Accept-Encoding","server":"scaffolding on HTTPServer2","x-xss-protection":"0","x-frame-options":"SAMEORIGIN","x-content-type-options":"nosniff","alt-svc":"h3=\":443\"; ma=2592000,h3-29=\":443\"; ma=2592000,h3-Q050=\":443\"; ma=2592000,h3-Q046=\":443\"; ma=2592000,h3-Q043=\":443\"; ma=2592000,quic=\":443\"; ma=2592000; v=\"46,43\"","accept-ranges":"none","transfer-encoding":"chunked"}
[debug] [2021-11-26T19:26:03.719Z] >>> [apiv2][query] GET https://firebase.googleapis.com/v1beta1/projects/finxi-challange [none]
[debug] [2021-11-26T19:26:04.179Z] <<< [apiv2][status] GET https://firebase.googleapis.com/v1beta1/projects/finxi-challange 403
[debug] [2021-11-26T19:26:04.180Z] <<< [apiv2][body] GET https://firebase.googleapis.com/v1beta1/projects/finxi-challange {"error":{"code":403,"message":"The caller does not have permission","status":"PERMISSION_DENIED"}}
[debug] [2021-11-26T19:26:04.181Z] HTTP Error: 403, The caller does not have permission
[debug] [2021-11-26T19:26:04.184Z] FirebaseError: HTTP Error: 403, The caller does not have permission
    at module.exports (/usr/lib/node_modules/firebase-tools/lib/responseToError.js:38:12)
    at Client.doRequest (/usr/lib/node_modules/firebase-tools/lib/apiv2.js:238:23)
    at processTicksAndRejections (internal/process/task_queues.js:95:5)
    at async Client.request (/usr/lib/node_modules/firebase-tools/lib/apiv2.js:96:20)
    at async Object.getFirebaseProject (/usr/lib/node_modules/firebase-tools/lib/management/projects.js:290:21)
    at async Object.getDefaultHostingSite (/usr/lib/node_modules/firebase-tools/lib/getDefaultHostingSite.js:8:21)
    at async requireHostingSite (/usr/lib/node_modules/firebase-tools/lib/requireHostingSite.js:9:18)
    at async Object.fn (/usr/lib/node_modules/firebase-tools/lib/commands/deploy.js:65:9)
    at async /usr/lib/node_modules/firebase-tools/lib/command.js:182:17
[error] 
[error] Error: Failed to get Firebase project finxi-challange. Please make sure the project exists and your account has permission to access it.
[debug] [2021-11-26T19:27:12.931Z] ----------------------------------------------------------------------
[debug] [2021-11-26T19:27:12.933Z] Command:       /home/gustavo/.nvm/versions/node/v14.17.6/bin/node /usr/bin/firebase deploy --only hosting
[debug] [2021-11-26T19:27:12.933Z] CLI Version:   9.16.5
[debug] [2021-11-26T19:27:12.933Z] Platform:      linux
[debug] [2021-11-26T19:27:12.933Z] Node Version:  v14.17.6
[debug] [2021-11-26T19:27:12.933Z] Time:          Fri Nov 26 2021 16:27:12 GMT-0300 (Horário Padrão de Brasília)
[debug] [2021-11-26T19:27:12.934Z] ----------------------------------------------------------------------
[debug] 
[debug] [2021-11-26T19:27:12.979Z] > command requires scopes: ["email","openid","https://www.googleapis.com/auth/cloudplatformprojects.readonly","https://www.googleapis.com/auth/firebase","https://www.googleapis.com/auth/cloud-platform"]
[debug] [2021-11-26T19:27:12.980Z] > authorizing via signed-in user (tech.mercadou@gmail.com)
[debug] [2021-11-26T19:27:12.980Z] [iam] checking project finxi-challange for permissions ["firebase.projects.get","firebasehosting.sites.update"]
[debug] [2021-11-26T19:27:12.981Z] > refreshing access token with scopes: ["email","https://www.googleapis.com/auth/cloud-platform","https://www.googleapis.com/auth/cloudplatformprojects.readonly","https://www.googleapis.com/auth/firebase","openid"]
[debug] [2021-11-26T19:27:12.982Z] >>> HTTP REQUEST POST https://www.googleapis.com/oauth2/v3/token  
 <request body omitted>
[debug] [2021-11-26T19:27:13.148Z] <<< HTTP RESPONSE 200 {"date":"Fri, 26 Nov 2021 19:27:13 GMT","pragma":"no-cache","expires":"Mon, 01 Jan 1990 00:00:00 GMT","cache-control":"no-cache, no-store, max-age=0, must-revalidate","content-type":"application/json; charset=utf-8","vary":"X-Origin, Referer, Origin,Accept-Encoding","server":"scaffolding on HTTPServer2","x-xss-protection":"0","x-frame-options":"SAMEORIGIN","x-content-type-options":"nosniff","alt-svc":"h3=\":443\"; ma=2592000,h3-29=\":443\"; ma=2592000,h3-Q050=\":443\"; ma=2592000,h3-Q046=\":443\"; ma=2592000,h3-Q043=\":443\"; ma=2592000,quic=\":443\"; ma=2592000; v=\"46,43\"","accept-ranges":"none","transfer-encoding":"chunked"}
[debug] [2021-11-26T19:27:13.166Z] >>> HTTP REQUEST POST https://cloudresourcemanager.googleapis.com/v1/projects/finxi-challange:testIamPermissions  
 {"permissions":["firebase.projects.get","firebasehosting.sites.update"]}
[debug] [2021-11-26T19:27:14.111Z] <<< HTTP RESPONSE 200 {"content-type":"application/json; charset=UTF-8","vary":"X-Origin, Referer, Origin,Accept-Encoding","date":"Fri, 26 Nov 2021 19:27:14 GMT","server":"ESF","cache-control":"private","x-xss-protection":"0","x-frame-options":"SAMEORIGIN","x-content-type-options":"nosniff","server-timing":"gfet4t7; dur=853","alt-svc":"h3=\":443\"; ma=2592000,h3-29=\":443\"; ma=2592000,h3-Q050=\":443\"; ma=2592000,h3-Q046=\":443\"; ma=2592000,h3-Q043=\":443\"; ma=2592000,quic=\":443\"; ma=2592000; v=\"46,43\"","accept-ranges":"none","transfer-encoding":"chunked"}
[debug] [2021-11-26T19:27:14.113Z] [iam] error while checking permissions, command may fail: FirebaseError: Authorization failed. This account is missing the following required permissions on project finxi-challange:

  firebase.projects.get
  firebasehosting.sites.update
[debug] [2021-11-26T19:27:14.115Z] > refreshing access token with scopes: []
[debug] [2021-11-26T19:27:14.116Z] >>> HTTP REQUEST POST https://www.googleapis.com/oauth2/v3/token  
 <request body omitted>
[debug] [2021-11-26T19:27:14.322Z] <<< HTTP RESPONSE 200 {"cache-control":"no-cache, no-store, max-age=0, must-revalidate","date":"Fri, 26 Nov 2021 19:27:14 GMT","pragma":"no-cache","expires":"Mon, 01 Jan 1990 00:00:00 GMT","content-type":"application/json; charset=utf-8","vary":"X-Origin, Referer, Origin,Accept-Encoding","server":"scaffolding on HTTPServer2","x-xss-protection":"0","x-frame-options":"SAMEORIGIN","x-content-type-options":"nosniff","alt-svc":"h3=\":443\"; ma=2592000,h3-29=\":443\"; ma=2592000,h3-Q050=\":443\"; ma=2592000,h3-Q046=\":443\"; ma=2592000,h3-Q043=\":443\"; ma=2592000,quic=\":443\"; ma=2592000; v=\"46,43\"","accept-ranges":"none","transfer-encoding":"chunked"}
[debug] [2021-11-26T19:27:14.333Z] >>> [apiv2][query] GET https://firebase.googleapis.com/v1beta1/projects/finxi-challange [none]
[debug] [2021-11-26T19:27:15.370Z] <<< [apiv2][status] GET https://firebase.googleapis.com/v1beta1/projects/finxi-challange 403
[debug] [2021-11-26T19:27:15.370Z] <<< [apiv2][body] GET https://firebase.googleapis.com/v1beta1/projects/finxi-challange {"error":{"code":403,"message":"The caller does not have permission","status":"PERMISSION_DENIED"}}
[debug] [2021-11-26T19:27:15.371Z] HTTP Error: 403, The caller does not have permission
[debug] [2021-11-26T19:27:15.372Z] FirebaseError: HTTP Error: 403, The caller does not have permission
    at module.exports (/usr/lib/node_modules/firebase-tools/lib/responseToError.js:38:12)
    at Client.doRequest (/usr/lib/node_modules/firebase-tools/lib/apiv2.js:238:23)
    at processTicksAndRejections (internal/process/task_queues.js:95:5)
    at async Client.request (/usr/lib/node_modules/firebase-tools/lib/apiv2.js:96:20)
    at async Object.getFirebaseProject (/usr/lib/node_modules/firebase-tools/lib/management/projects.js:290:21)
    at async Object.getDefaultHostingSite (/usr/lib/node_modules/firebase-tools/lib/getDefaultHostingSite.js:8:21)
    at async requireHostingSite (/usr/lib/node_modules/firebase-tools/lib/requireHostingSite.js:9:18)
    at async Object.fn (/usr/lib/node_modules/firebase-tools/lib/commands/deploy.js:65:9)
    at async /usr/lib/node_modules/firebase-tools/lib/command.js:182:17
[error] 
[error] Error: Failed to get Firebase project finxi-challange. Please make sure the project exists and your account has permission to access it.
